2017-12-21 09:21:00,199 INFO supervisord started with pid 31232
2017-12-21 09:21:01,201 INFO spawned: 'laravel-worker_00' with pid 31235
2017-12-21 09:21:01,203 INFO spawned: 'laravel-worker_01' with pid 31236
2017-12-21 09:21:01,204 INFO spawned: 'laravel-worker_02' with pid 31237
2017-12-21 09:21:01,205 INFO spawned: 'laravel-worker_03' with pid 31238
2017-12-21 09:21:01,212 INFO spawned: 'laravel-worker_04' with pid 31239
2017-12-21 09:21:01,228 INFO spawned: 'laravel-worker_05' with pid 31240
2017-12-21 09:21:01,229 INFO spawned: 'laravel-worker_06' with pid 31241
2017-12-21 09:21:01,230 INFO spawned: 'laravel-worker_07' with pid 31242
2017-12-21 09:21:02,482 INFO success: laravel-worker_00 entered RUNNING state, process has stayed up for > than 1 seconds (startsecs)
2017-12-21 09:21:02,482 INFO success: laravel-worker_01 entered RUNNING state, process has stayed up for > than 1 seconds (startsecs)
2017-12-21 09:21:02,482 INFO success: laravel-worker_02 entered RUNNING state, process has stayed up for > than 1 seconds (startsecs)
2017-12-21 09:21:02,482 INFO success: laravel-worker_03 entered RUNNING state, process has stayed up for > than 1 seconds (startsecs)
2017-12-21 09:21:02,482 INFO success: laravel-worker_04 entered RUNNING state, process has stayed up for > than 1 seconds (startsecs)
2017-12-21 09:21:02,482 INFO success: laravel-worker_05 entered RUNNING state, process has stayed up for > than 1 seconds (startsecs)
2017-12-21 09:21:02,482 INFO success: laravel-worker_06 entered RUNNING state, process has stayed up for > than 1 seconds (startsecs)
2017-12-21 09:21:02,482 INFO success: laravel-worker_07 entered RUNNING state, process has stayed up for > than 1 seconds (startsecs)
2017-12-21 09:21:34,583 WARN received SIGINT indicating exit request
2017-12-21 09:21:34,583 INFO waiting for laravel-worker_00, laravel-worker_01, laravel-worker_02, laravel-worker_03, laravel-worker_04, laravel-worker_05, laravel-worker_06, laravel-worker_07 to die
2017-12-21 09:21:34,589 INFO stopped: laravel-worker_00 (terminated by SIGKILL)
2017-12-21 09:21:34,589 INFO stopped: laravel-worker_01 (terminated by SIGKILL)
2017-12-21 09:21:34,589 INFO stopped: laravel-worker_02 (terminated by SIGKILL)
2017-12-21 09:21:34,590 INFO stopped: laravel-worker_03 (terminated by SIGKILL)
2017-12-21 09:21:34,590 INFO stopped: laravel-worker_04 (terminated by SIGKILL)
2017-12-21 09:21:34,590 INFO stopped: laravel-worker_05 (terminated by SIGKILL)
2017-12-21 09:21:34,590 INFO stopped: laravel-worker_06 (terminated by SIGKILL)
2017-12-21 09:21:34,590 INFO stopped: laravel-worker_07 (terminated by SIGKILL)
2017-12-21 09:25:24,604 INFO supervisord started with pid 31299
2017-12-21 09:25:25,606 INFO spawned: 'laravel-worker_00' with pid 31302
2017-12-21 09:25:25,608 INFO spawned: 'laravel-worker_01' with pid 31303
2017-12-21 09:25:25,609 INFO spawned: 'laravel-worker_02' with pid 31304
2017-12-21 09:25:25,610 INFO spawned: 'laravel-worker_03' with pid 31305
2017-12-21 09:25:25,627 INFO spawned: 'laravel-worker_04' with pid 31306
2017-12-21 09:25:25,629 INFO spawned: 'laravel-worker_05' with pid 31307
2017-12-21 09:25:25,630 INFO spawned: 'laravel-worker_06' with pid 31308
2017-12-21 09:25:25,632 INFO spawned: 'laravel-worker_07' with pid 31309
2017-12-21 09:25:27,053 INFO success: laravel-worker_00 entered RUNNING state, process has stayed up for > than 1 seconds (startsecs)
2017-12-21 09:25:27,053 INFO success: laravel-worker_01 entered RUNNING state, process has stayed up for > than 1 seconds (startsecs)
2017-12-21 09:25:27,053 INFO success: laravel-worker_02 entered RUNNING state, process has stayed up for > than 1 seconds (startsecs)
2017-12-21 09:25:27,053 INFO success: laravel-worker_03 entered RUNNING state, process has stayed up for > than 1 seconds (startsecs)
2017-12-21 09:25:27,053 INFO success: laravel-worker_04 entered RUNNING state, process has stayed up for > than 1 seconds (startsecs)
2017-12-21 09:25:27,053 INFO success: laravel-worker_05 entered RUNNING state, process has stayed up for > than 1 seconds (startsecs)
2017-12-21 09:25:27,053 INFO success: laravel-worker_06 entered RUNNING state, process has stayed up for > than 1 seconds (startsecs)
2017-12-21 09:25:27,053 INFO success: laravel-worker_07 entered RUNNING state, process has stayed up for > than 1 seconds (startsecs)
2017-12-21 09:25:57,143 WARN received SIGINT indicating exit request
2017-12-21 09:25:57,143 INFO waiting for laravel-worker_00, laravel-worker_01, laravel-worker_02, laravel-worker_03, laravel-worker_04, laravel-worker_05, laravel-worker_06, laravel-worker_07 to die
2017-12-21 09:25:57,149 INFO stopped: laravel-worker_00 (terminated by SIGKILL)
2017-12-21 09:25:57,149 INFO stopped: laravel-worker_01 (terminated by SIGKILL)
2017-12-21 09:25:57,149 INFO stopped: laravel-worker_02 (terminated by SIGKILL)
2017-12-21 09:25:57,149 INFO stopped: laravel-worker_03 (terminated by SIGKILL)
2017-12-21 09:25:57,149 INFO stopped: laravel-worker_04 (terminated by SIGKILL)
2017-12-21 09:25:57,149 INFO stopped: laravel-worker_05 (terminated by SIGKILL)
2017-12-21 09:25:57,150 INFO stopped: laravel-worker_06 (terminated by SIGKILL)
2017-12-21 09:25:57,150 INFO stopped: laravel-worker_07 (terminated by SIGKILL)
